#
# A fatal error has been detected by the Java Runtime Environment:
#
#  EXCEPTION_ACCESS_VIOLATION (0xc0000005) at pc=0x6a2d726f, pid=2264, tid=5816
#
# JRE version: 6.0_29-b11
# Java VM: Java HotSpot(TM) Client VM (20.4-b02 mixed mode, sharing windows-x86 )
# Problematic frame:
# C  0x6a2d726f
#
# If you would like to submit a bug report, please visit:
#   http://java.sun.com/webapps/bugreport/crash.jsp
# The crash happened outside the Java Virtual Machine in native code.
# See problematic frame for where to report the bug.
#

---------------  T H R E A D  ---------------

Current thread (0x01ad0400):  JavaThread "AWT-EventQueue-0" [_thread_in_native, id=5816, stack(0x041b0000,0x04200000)]

siginfo: ExceptionCode=0xc0000005, reading address 0x6a2d726f

Registers:
EAX=0x00000001, EBX=0x00272d38, ECX=0x001e0094, EDX=0x0020d268
ESP=0x041fdb98, EBP=0x7463656e, ESI=0x00000000, EDI=0x041fdbe4
EIP=0x6a2d726f, EFLAGS=0x00010202

Top of Stack: (sp=0x041fdb98)
0x041fdb98:   2e312e35 622d3831 6a2e6e69 633b7261
0x041fdba8:   72705c3a 6172676f 6966206d 5c73656c
0x041fdbb8:   6274656e 736e6165 302e3720 6a5c312e
0x041fdbc8:   5c617661 75646f6d 5c73656c 5c747865
0x041fdbd8:   6e616562 6e696273 676e6964 322e312d
0x041fdbe8:   6a2e312e 633b7261 73755c3a 5c737265
0x041fdbf8:   6d616b61 6f645c6d 6f6c6e77 5c736461
0x041fdc08:   6c61636a 61646e65 616a2e72 3a663b72 

Instructions: (pc=0x6a2d726f)
0x6a2d724f:   
[error occurred during error reporting (printing registers, top of stack, instructions near pc), id 0xc0000005]

Register to memory mapping:

EAX=0x00000001 is an unknown value
EBX=0x00272d38 is an unknown value
ECX=0x001e0094 is an unknown value
EDX=0x0020d268 is an unknown value
ESP=0x041fdb98 is pointing into the stack for thread: 0x01ad0400
EBP=0x7463656e is an unknown value
ESI=0x00000000 is an unknown value
EDI=0x041fdbe4 is pointing into the stack for thread: 0x01ad0400


Stack: [0x041b0000,0x04200000],  sp=0x041fdb98,  free space=310k
Native frames: (J=compiled Java code, j=interpreted, Vv=VM code, C=native code)
C  0x6a2d726f

Java frames: (J=compiled Java code, j=interpreted, Vv=VM code)
j  sun.print.Win32PrintService.getCapabilities(Ljava/lang/String;Ljava/lang/String;)I+0
j  sun.print.Win32PrintService.getPrinterCapabilities()I+17
j  sun.print.Win32PrintService.getSupportedAttributeCategories()[Ljava/lang/Class;+41
j  sun.print.Win32PrintService.isAttributeCategorySupported(Ljava/lang/Class;)Z+52
j  sun.print.Win32PrintService.isAttributeValueSupported(Ljavax/print/attribute/Attribute;Ljavax/print/DocFlavor;Ljavax/print/attribute/AttributeSet;)Z+91
j  sun.print.Win32PrintJob.getAttributeValues(Ljavax/print/DocFlavor;)V+366
j  sun.print.Win32PrintJob.print(Ljavax/print/Doc;Ljavax/print/attribute/PrintRequestAttributeSet;)V+236
j  Examen.View.vendedor.jBimprimirActionPerformed(Ljava/awt/event/ActionEvent;)V+759
j  Examen.View.vendedor.access$1200(LExamen/View/vendedor;Ljava/awt/event/ActionEvent;)V+2
j  Examen.View.vendedor$14.actionPerformed(Ljava/awt/event/ActionEvent;)V+5
j  javax.swing.AbstractButton.fireActionPerformed(Ljava/awt/event/ActionEvent;)V+84
j  javax.swing.AbstractButton$Handler.actionPerformed(Ljava/awt/event/ActionEvent;)V+5
j  javax.swing.DefaultButtonModel.fireActionPerformed(Ljava/awt/event/ActionEvent;)V+35
j  javax.swing.DefaultButtonModel.setPressed(Z)V+117
j  javax.swing.plaf.basic.BasicButtonListener.mouseReleased(Ljava/awt/event/MouseEvent;)V+35
j  java.awt.Component.processMouseEvent(Ljava/awt/event/MouseEvent;)V+64
j  javax.swing.JComponent.processMouseEvent(Ljava/awt/event/MouseEvent;)V+23
j  java.awt.Component.processEvent(Ljava/awt/AWTEvent;)V+81
j  java.awt.Container.processEvent(Ljava/awt/AWTEvent;)V+18
j  java.awt.Component.dispatchEventImpl(Ljava/awt/AWTEvent;)V+566
j  java.awt.Container.dispatchEventImpl(Ljava/awt/AWTEvent;)V+42
j  java.awt.Component.dispatchEvent(Ljava/awt/AWTEvent;)V+2
j  java.awt.LightweightDispatcher.retargetMouseEvent(Ljava/awt/Component;ILjava/awt/event/MouseEvent;)V+320
j  java.awt.LightweightDispatcher.processMouseEvent(Ljava/awt/event/MouseEvent;)Z+139
j  java.awt.LightweightDispatcher.dispatchEvent(Ljava/awt/AWTEvent;)Z+50
j  java.awt.Container.dispatchEventImpl(Ljava/awt/AWTEvent;)V+12
j  java.awt.Window.dispatchEventImpl(Ljava/awt/AWTEvent;)V+19
j  java.awt.Component.dispatchEvent(Ljava/awt/AWTEvent;)V+2
j  java.awt.EventQueue.dispatchEventImpl(Ljava/awt/AWTEvent;Ljava/lang/Object;)V+41
j  java.awt.EventQueue.access$000(Ljava/awt/EventQueue;Ljava/awt/AWTEvent;Ljava/lang/Object;)V+3
j  java.awt.EventQueue$1.run()Ljava/lang/Void;+12
j  java.awt.EventQueue$1.run()Ljava/lang/Object;+1
v  ~StubRoutines::call_stub
j  java.security.AccessController.doPrivileged(Ljava/security/PrivilegedAction;Ljava/security/AccessControlContext;)Ljava/lang/Object;+0
j  java.security.AccessControlContext$1.doIntersectionPrivilege(Ljava/security/PrivilegedAction;Ljava/security/AccessControlContext;Ljava/security/AccessControlContext;)Ljava/lang/Object;+28
j  java.security.AccessControlContext$1.doIntersectionPrivilege(Ljava/security/PrivilegedAction;Ljava/security/AccessControlContext;)Ljava/lang/Object;+6
j  java.awt.EventQueue$2.run()Ljava/lang/Void;+11
j  java.awt.EventQueue$2.run()Ljava/lang/Object;+1
v  ~StubRoutines::call_stub
j  java.security.AccessController.doPrivileged(Ljava/security/PrivilegedAction;Ljava/security/AccessControlContext;)Ljava/lang/Object;+0
j  java.security.AccessControlContext$1.doIntersectionPrivilege(Ljava/security/PrivilegedAction;Ljava/security/AccessControlContext;Ljava/security/AccessControlContext;)Ljava/lang/Object;+28
j  java.awt.EventQueue.dispatchEvent(Ljava/awt/AWTEvent;)V+73
j  java.awt.EventDispatchThread.pumpOneEventForFilters(I)Z+204
j  java.awt.EventDispatchThread.pumpEventsForFilter(ILjava/awt/Conditional;Ljava/awt/EventFilter;)V+30
j  java.awt.EventDispatchThread.pumpEventsForHierarchy(ILjava/awt/Conditional;Ljava/awt/Component;)V+11
j  java.awt.EventDispatchThread.pumpEvents(ILjava/awt/Conditional;)V+4
j  java.awt.EventDispatchThread.pumpEvents(Ljava/awt/Conditional;)V+3
j  java.awt.EventDispatchThread.run()V+9
v  ~StubRoutines::call_stub

---------------  P R O C E S S  ---------------

Java Threads: ( => current thread )
  0x01ae6c00 JavaThread "Thread-4" daemon [_thread_in_native, id=5708, stack(0x05a20000,0x05a70000)]
  0x0424e000 JavaThread "Image Fetcher 0" daemon [_thread_blocked, id=4460, stack(0x04810000,0x04860000)]
  0x052d9c00 JavaThread "Thread-3" [_thread_blocked, id=3440, stack(0x059d0000,0x05a20000)]
  0x04375c00 JavaThread "TimerQueue" daemon [_thread_blocked, id=4084, stack(0x05930000,0x05980000)]
  0x00cd9000 JavaThread "DestroyJavaVM" [_thread_blocked, id=1928, stack(0x00170000,0x001c0000)]
=>0x01ad0400 JavaThread "AWT-EventQueue-0" [_thread_in_native, id=5816, stack(0x041b0000,0x04200000)]
  0x01aef400 JavaThread "AWT-Windows" daemon [_thread_in_native, id=4988, stack(0x04040000,0x04090000)]
  0x01aeec00 JavaThread "AWT-Shutdown" [_thread_blocked, id=2164, stack(0x03ff0000,0x04040000)]
  0x01aee400 JavaThread "Java2D Disposer" daemon [_thread_blocked, id=3856, stack(0x03f60000,0x03fb0000)]
  0x01a6fc00 JavaThread "Low Memory Detector" daemon [_thread_blocked, id=5700, stack(0x03dc0000,0x03e10000)]
  0x01a6b000 JavaThread "C1 CompilerThread0" daemon [_thread_blocked, id=4440, stack(0x03d70000,0x03dc0000)]
  0x01a6a000 JavaThread "Attach Listener" daemon [_thread_blocked, id=1228, stack(0x03d20000,0x03d70000)]
  0x01a67000 JavaThread "Signal Dispatcher" daemon [_thread_blocked, id=5456, stack(0x03cd0000,0x03d20000)]
  0x01a62000 JavaThread "Finalizer" daemon [_thread_blocked, id=4832, stack(0x03c80000,0x03cd0000)]
  0x01a5d400 JavaThread "Reference Handler" daemon [_thread_blocked, id=5004, stack(0x03c30000,0x03c80000)]

Other Threads:
  0x01a20800 VMThread [stack: 0x03be0000,0x03c30000] [id=1892]
  0x01a81800 WatcherThread [stack: 0x03e10000,0x03e60000] [id=4588]

VM state:not at safepoint (normal execution)

VM Mutex/Monitor currently owned by a thread: None

Heap
 def new generation   total 10048K, used 6485K [0x23c40000, 0x24720000, 0x29190000)
  eden space 8960K,  72% used [0x23c40000, 0x24295528, 0x24500000)
  from space 1088K,   0% used [0x24500000, 0x24500000, 0x24610000)
  to   space 1088K,   0% used [0x24610000, 0x24610000, 0x24720000)
 tenured generation   total 22196K, used 13316K [0x29190000, 0x2a73d000, 0x33c40000)
   the space 22196K,  59% used [0x29190000, 0x29e91000, 0x29e91000, 0x2a73d000)
 compacting perm gen  total 12288K, used 2760K [0x33c40000, 0x34840000, 0x37c40000)
   the space 12288K,  22% used [0x33c40000, 0x33ef2368, 0x33ef2400, 0x34840000)
    ro space 10240K,  54% used [0x37c40000, 0x381bdaf0, 0x381bdc00, 0x38640000)
    rw space 12288K,  55% used [0x38640000, 0x38ce1ce8, 0x38ce1e00, 0x39240000)

Code Cache  [0x01af0000, 0x01bf8000, 0x03af0000)
 total_blobs=535 nmethods=321 adapters=150 free_code_cache=32500736 largest_free_block=0

Dynamic libraries:
0x00400000 - 0x00424000 	C:\Program Files\Java\jdk1.6.0_29\bin\java.exe
0x77060000 - 0x7719c000 	C:\Windows\SYSTEM32\ntdll.dll
0x75fd0000 - 0x760a4000 	C:\Windows\system32\kernel32.dll
0x75380000 - 0x753ca000 	C:\Windows\system32\KERNELBASE.dll
0x771f0000 - 0x77290000 	C:\Windows\system32\ADVAPI32.dll
0x76e60000 - 0x76f0c000 	C:\Windows\system32\msvcrt.dll
0x75bf0000 - 0x75c09000 	C:\Windows\SYSTEM32\sechost.dll
0x76f10000 - 0x76fb1000 	C:\Windows\system32\RPCRT4.dll
0x7c340000 - 0x7c396000 	C:\Program Files\Java\jdk1.6.0_29\jre\bin\msvcr71.dll
0x6d8a0000 - 0x6db4f000 	C:\Program Files\Java\jdk1.6.0_29\jre\bin\client\jvm.dll
0x75a30000 - 0x75af9000 	C:\Windows\system32\USER32.dll
0x75810000 - 0x7585e000 	C:\Windows\system32\GDI32.dll
0x75800000 - 0x7580a000 	C:\Windows\system32\LPK.dll
0x76fc0000 - 0x7705d000 	C:\Windows\system32\USP10.dll
0x730b0000 - 0x730e2000 	C:\Windows\system32\WINMM.dll
0x75fb0000 - 0x75fcf000 	C:\Windows\system32\IMM32.DLL
0x76d90000 - 0x76e5c000 	C:\Windows\system32\MSCTF.dll
0x750e0000 - 0x7512b000 	C:\Windows\system32\apphelp.dll
0x6d850000 - 0x6d85c000 	C:\Program Files\Java\jdk1.6.0_29\jre\bin\verify.dll
0x6d3d0000 - 0x6d3ef000 	C:\Program Files\Java\jdk1.6.0_29\jre\bin\java.dll
0x6d890000 - 0x6d89f000 	C:\Program Files\Java\jdk1.6.0_29\jre\bin\zip.dll
0x6d0b0000 - 0x6d1fc000 	C:\Program Files\Java\jdk1.6.0_29\jre\bin\awt.dll
0x73450000 - 0x734a1000 	C:\Windows\system32\WINSPOOL.DRV
0x754b0000 - 0x7560c000 	C:\Windows\system32\ole32.dll
0x73bc0000 - 0x73d5e000 	C:\Windows\WinSxS\x86_microsoft.windows.common-controls_6595b64144ccf1df_6.0.7600.16385_none_421189da2b7fabfc\COMCTL32.dll
0x75b90000 - 0x75be7000 	C:\Windows\system32\SHLWAPI.dll
0x736e0000 - 0x736f3000 	C:\Windows\system32\DWMAPI.DLL
0x739d0000 - 0x73a10000 	C:\Windows\system32\uxtheme.dll
0x75130000 - 0x7513c000 	C:\Windows\system32\CRYPTBASE.dll
0x6d2e0000 - 0x6d32f000 	C:\Program Files\Java\jdk1.6.0_29\jre\bin\fontmanager.dll
0x760b0000 - 0x76cf9000 	C:\Windows\system32\shell32.dll
0x6d4f0000 - 0x6d515000 	C:\Program Files\Java\jdk1.6.0_29\jre\bin\jpeg.dll
0x10000000 - 0x10038000 	C:\Program Files\WIDCOMM\Bluetooth Software\btmmhook.dll
0x76d00000 - 0x76d8f000 	C:\Windows\system32\OLEAUT32.dll
0x771a0000 - 0x771a5000 	C:\Windows\system32\PSAPI.DLL
0x6d6b0000 - 0x6d6c3000 	C:\Program Files\Java\jdk1.6.0_29\jre\bin\net.dll
0x771b0000 - 0x771e5000 	C:\Windows\system32\WS2_32.dll
0x75860000 - 0x75866000 	C:\Windows\system32\NSI.dll
0x74c20000 - 0x74c5c000 	C:\Windows\system32\mswsock.dll
0x74c10000 - 0x74c16000 	C:\Windows\System32\wship6.dll
0x6d6d0000 - 0x6d6d9000 	C:\Program Files\Java\jdk1.6.0_29\jre\bin\nio.dll
0x74260000 - 0x74265000 	C:\Windows\System32\wshtcpip.dll
0x74ae0000 - 0x74b24000 	C:\Windows\system32\DNSAPI.dll
0x74570000 - 0x74595000 	C:\Program Files\Bonjour\mdnsNSP.dll
0x74550000 - 0x7456c000 	C:\Windows\system32\Iphlpapi.DLL
0x74540000 - 0x74547000 	C:\Windows\system32\WINNSI.DLL
0x74500000 - 0x74527000 	C:\Program Files\Common Files\Microsoft Shared\Windows Live\WLIDNSP.DLL
0x74480000 - 0x74486000 	C:\Windows\system32\rasadhlp.dll
0x74490000 - 0x744c8000 	C:\Windows\System32\fwpuclnt.dll
0x051f0000 - 0x05211000 	C:\Program Files\WIDCOMM\Bluetooth Software\btkeyind.dll
0x05270000 - 0x05285000 	C:\Windows\system32\spool\DRIVERS\W32X86\3\SolidUI6.dll
0x70070000 - 0x701a2000 	C:\Windows\system32\msxml3.dll
0x068f0000 - 0x0703f000 	C:\Program Files\SolidDocuments\Solid Converter PDF v4\SCPDFV4\SCPDFCreatorV4.dll
0x75230000 - 0x7534c000 	C:\Windows\system32\CRYPT32.dll
0x75220000 - 0x7522c000 	C:\Windows\system32\MSASN1.dll
0x75930000 - 0x75a24000 	C:\Windows\system32\WININET.dll
0x758f0000 - 0x758f3000 	C:\Windows\system32\Normaliz.dll
0x75c10000 - 0x75d45000 	C:\Windows\system32\urlmon.dll
0x75db0000 - 0x75fa9000 	C:\Windows\system32\iertutil.dll
0x74630000 - 0x74639000 	C:\Windows\system32\VERSION.dll
0x73120000 - 0x73125000 	C:\Windows\system32\MSIMG32.dll
0x75870000 - 0x758eb000 	C:\Windows\system32\comdlg32.dll
0x6ee00000 - 0x6ee1c000 	C:\Windows\system32\oledlg.dll
0x6ca50000 - 0x6cac9000 	C:\Windows\system32\mscms.dll
0x747d0000 - 0x747e7000 	C:\Windows\system32\USERENV.dll
0x751b0000 - 0x751bb000 	C:\Windows\system32\profapi.dll
0x72040000 - 0x72062000 	C:\Windows\system32\GLU32.dll
0x5ea00000 - 0x5eac8000 	C:\Windows\system32\OPENGL32.dll
0x63190000 - 0x63277000 	C:\Windows\system32\DDRAW.dll
0x680d0000 - 0x680d6000 	C:\Windows\system32\DCIMAN32.dll
0x75610000 - 0x757ad000 	C:\Windows\system32\SETUPAPI.dll
0x75480000 - 0x754a7000 	C:\Windows\system32\CFGMGR32.dll
0x75460000 - 0x75472000 	C:\Windows\system32\DEVOBJ.dll
0x74460000 - 0x74471000 	C:\Windows\system32\NETAPI32.dll
0x74450000 - 0x74459000 	C:\Windows\system32\netutils.dll
0x75030000 - 0x75049000 	C:\Windows\system32\srvcli.dll
0x74440000 - 0x7444f000 	C:\Windows\system32\wkscli.dll
0x75b00000 - 0x75b83000 	C:\Windows\system32\CLBCatQ.DLL
0x73a30000 - 0x73b25000 	C:\Windows\system32\propsys.dll
0x730f0000 - 0x73111000 	C:\Windows\system32\ntmarta.dll
0x757b0000 - 0x757f5000 	C:\Windows\system32\WLDAP32.dll
0x05af0000 - 0x05afc000 	C:\Windows\system32\spool\DRIVERS\W32X86\3\SolidGraphics6.dll

VM Arguments:
jvm_args: -Dfile.encoding=UTF-8 
java_command: Examen.View.inicio
Launcher Type: SUN_STANDARD

Environment Variables:
CLASSPATH=.;C:\Program Files\QuickTime\QTSystem\QTJava.zip
PATH=C:\Program Files\Common Files\Microsoft Shared\Windows Live;C:\Windows\system32;C:\Windows;C:\Windows\System32\Wbem;C:\Windows\System32\WindowsPowerShell\v1.0\;C:\Program Files\QuickTime\QTSystem\;C:\Program Files\Windows Live\Shared;C:\Program Files\WIDCOMM\Bluetooth Software\
USERNAME=AkaMM
OS=Windows_NT
PROCESSOR_IDENTIFIER=x86 Family 6 Model 15 Stepping 13, GenuineIntel



---------------  S Y S T E M  ---------------

OS: Windows 7 Build 7600 

CPU:total 2 (2 cores per cpu, 1 threads per core) family 6 model 15 stepping 13, cmov, cx8, fxsr, mmx, sse, sse2, sse3, ssse3

Memory: 4k page, physical 3075040k(907108k free), swap 6148316k(3237024k free)

vm_info: Java HotSpot(TM) Client VM (20.4-b02) for windows-x86 JRE (1.6.0_29-b11), built on Oct  3 2011 01:01:08 by "java_re" with MS VC++ 7.1 (VS2003)

time: Wed Apr 04 21:20:35 2012
elapsed time: 13 seconds

